<?xml version="1.0" encoding="UTF-8"?>
<testng-results ignored="0" total="1" passed="1" failed="0" skipped="0">
  <reporter-output>
  </reporter-output>
  <suite started-at="2023-09-26T17:54:07 IST" name="Default suite" finished-at="2023-09-26T17:54:19 IST" duration-ms="11994">
    <groups>
    </groups>
    <test started-at="2023-09-26T17:54:07 IST" name="Default test" finished-at="2023-09-26T17:54:19 IST" duration-ms="11994">
      <class name="com.testng.proj.FileDownload">
        <test-method is-config="true" signature="beforeMethod()[pri:0, instance:com.testng.proj.FileDownload@505fc5a4]" started-at="2023-09-26T17:54:07 IST" name="beforeMethod" finished-at="2023-09-26T17:54:10 IST" duration-ms="3354" status="PASS">
          <reporter-output>
          </reporter-output>
        </test-method> <!-- beforeMethod -->
        <test-method signature="f()[pri:0, instance:com.testng.proj.FileDownload@505fc5a4]" started-at="2023-09-26T17:54:10 IST" name="f" finished-at="2023-09-26T17:54:19 IST" duration-ms="8535" status="PASS">
          <reporter-output>
          </reporter-output>
        </test-method> <!-- f -->
        <test-method is-config="true" signature="afterMethod()[pri:0, instance:com.testng.proj.FileDownload@505fc5a4]" started-at="2023-09-26T17:54:19 IST" name="afterMethod" finished-at="2023-09-26T17:54:19 IST" duration-ms="1" status="PASS">
          <reporter-output>
          </reporter-output>
        </test-method> <!-- afterMethod -->
      </class> <!-- com.testng.proj.FileDownload -->
    </test> <!-- Default test -->
  </suite> <!-- Default suite -->
</testng-results>
